<?xml version="1.0" encoding="UTF-8"?>
<!-- Generated by org.testng.reporters.JUnitReportReporter -->
<testsuite hostname="LAPTOP-A73LGM3S" failures="0" tests="1" name="testng2" time="0.008" errors="0" timestamp="2023-04-27T16:07:53 IST" skipped="0">
  <testcase classname="testng2" name="f" time="0.008"/>
  <system-out/>
</testsuite> <!-- testng2 -->
